{"level":"info","message":"EXECUTING SCENARIO 2 - MESSAGE THE 1st CONNECTIONS"}
{"level":"info","message":"ON THE HOME SCREEN OF LINKEDIN"}
{"level":"info","message":"SUCCESSFULLY LOGGED IN"}
{"level":"info","message":"First connections are found with searchTitle VP"}
{"level":"info","message":"EXECUTING SCENARIO 2 - MESSAGE THE 1st CONNECTIONS"}
{"level":"info","message":"ON THE HOME SCREEN OF LINKEDIN"}
{"level":"info","message":"SUCCESSFULLY LOGGED IN"}
{"level":"info","message":"EXECUTING SCENARIO 2 - MESSAGE THE 1st CONNECTIONS"}
{"level":"info","message":"ON THE HOME SCREEN OF LINKEDIN"}
{"level":"info","message":"SUCCESSFULLY LOGGED IN"}
{"level":"info","message":"EXECUTING SCENARIO 2 - MESSAGE THE 1st CONNECTIONS"}
{"level":"info","message":"ON THE HOME SCREEN OF LINKEDIN"}
{"level":"info","message":"SUCCESSFULLY LOGGED IN"}
{"level":"info","message":"First connections are found with searchTitle VP"}
{"level":"info","message":"EXECUTING SCENARIO 2 - MESSAGE THE 1st CONNECTIONS"}
{"level":"info","message":"ON THE HOME SCREEN OF LINKEDIN"}
{"level":"info","message":"SUCCESSFULLY LOGGED IN"}
{"level":"info","message":"EXECUTING SCENARIO 2 - MESSAGE THE 1st CONNECTIONS"}
{"level":"info","message":"ON THE HOME SCREEN OF LINKEDIN"}
{"level":"info","message":"SUCCESSFULLY LOGGED IN"}
{"level":"info","message":"EXECUTING SCENARIO 2 - MESSAGE THE 1st CONNECTIONS"}
{"level":"info","message":"ON THE HOME SCREEN OF LINKEDIN"}
{"level":"info","message":"SUCCESSFULLY LOGGED IN"}
{"level":"info","message":"EXECUTING SCENARIO 2 - MESSAGE THE 1st CONNECTIONS"}
{"level":"info","message":"ON THE HOME SCREEN OF LINKEDIN"}
{"level":"info","message":"SUCCESSFULLY LOGGED IN"}
{"level":"info","message":"EXECUTING SCENARIO 2 - MESSAGE THE 1st CONNECTIONS"}
{"level":"info","message":"ON THE HOME SCREEN OF LINKEDIN"}
{"level":"info","message":"SUCCESSFULLY LOGGED IN"}
{"level":"info","message":"First connections are found with searchTitle VP"}
{"level":"info","message":"EXECUTING SCENARIO 2 - MESSAGE THE 1st CONNECTIONS"}
{"level":"info","message":"ON THE HOME SCREEN OF LINKEDIN"}
{"level":"info","message":"SUCCESSFULLY LOGGED IN"}
{"level":"info","message":"First connections are found with searchTitle VP"}
{"level":"info","message":"EXECUTING SCENARIO 2 - MESSAGE THE 1st CONNECTIONS"}
{"level":"info","message":"ON THE HOME SCREEN OF LINKEDIN"}
{"level":"info","message":"SUCCESSFULLY LOGGED IN"}
{"level":"info","message":"First connections are found with searchTitle VP"}
{"level":"info","message":"EXECUTING SCENARIO 2 - MESSAGE THE 1st CONNECTIONS"}
{"level":"info","message":"ON THE HOME SCREEN OF LINKEDIN"}
{"level":"info","message":"SUCCESSFULLY LOGGED IN"}
{"level":"info","message":"EXECUTING SCENARIO 2 - MESSAGE THE 1st CONNECTIONS"}
{"level":"info","message":"ON THE HOME SCREEN OF LINKEDIN"}
{"level":"info","message":"SUCCESSFULLY LOGGED IN"}
{"level":"info","message":"EXECUTING SCENARIO 2 - MESSAGE THE 1st CONNECTIONS"}
{"level":"info","message":"ON THE HOME SCREEN OF LINKEDIN"}
{"level":"info","message":"SUCCESSFULLY LOGGED IN"}
{"level":"info","message":"EXECUTING SCENARIO 2 - MESSAGE THE 1st CONNECTIONS"}
{"level":"info","message":"ON THE HOME SCREEN OF LINKEDIN"}
{"level":"info","message":"SUCCESSFULLY LOGGED IN"}
{"level":"info","message":"EXECUTING SCENARIO 2 - MESSAGE THE 1st CONNECTIONS"}
{"level":"info","message":"ON THE HOME SCREEN OF LINKEDIN"}
{"level":"info","message":"SUCCESSFULLY LOGGED IN"}
{"level":"info","message":"EXECUTING SCENARIO 2 - MESSAGE THE 1st CONNECTIONS"}
{"level":"info","message":"ON THE HOME SCREEN OF LINKEDIN"}
{"level":"info","message":"SUCCESSFULLY LOGGED IN"}
{"level":"info","message":"EXECUTING SCENARIO 2 - MESSAGE THE 1st CONNECTIONS"}
{"level":"info","message":"ON THE HOME SCREEN OF LINKEDIN"}
{"level":"info","message":"SUCCESSFULLY LOGGED IN"}
{"level":"info","message":"EXECUTING SCENARIO 2 - MESSAGE THE 1st CONNECTIONS"}
{"level":"info","message":"ON THE HOME SCREEN OF LINKEDIN"}
{"level":"info","message":"SUCCESSFULLY LOGGED IN"}
{"level":"info","message":"EXECUTING SCENARIO 2 - MESSAGE THE 1st CONNECTIONS"}
{"level":"info","message":"ON THE HOME SCREEN OF LINKEDIN"}
{"level":"info","message":"SUCCESSFULLY LOGGED IN"}
{"level":"info","message":"EXECUTING SCENARIO 2 - MESSAGE THE 1st CONNECTIONS"}
{"level":"info","message":"ON THE HOME SCREEN OF LINKEDIN"}
{"level":"info","message":"SUCCESSFULLY LOGGED IN"}
{"level":"info","message":"EXECUTING SCENARIO 2 - MESSAGE THE 1st CONNECTIONS"}
{"level":"info","message":"ON THE HOME SCREEN OF LINKEDIN"}
{"level":"info","message":"SUCCESSFULLY LOGGED IN"}
{"level":"info","message":"First connections are found with searchTitle VP"}
{"level":"info","message":"EXECUTING SCENARIO 2 - MESSAGE THE 1st CONNECTIONS"}
{"level":"info","message":"ON THE HOME SCREEN OF LINKEDIN"}
{"level":"info","message":"SUCCESSFULLY LOGGED IN"}
{"level":"info","message":"EXECUTING SCENARIO 2 - MESSAGE THE 1st CONNECTIONS"}
{"level":"info","message":"ON THE HOME SCREEN OF LINKEDIN"}
{"level":"info","message":"SUCCESSFULLY LOGGED IN"}
{"level":"info","message":"EXECUTING SCENARIO 2 - MESSAGE THE 1st CONNECTIONS"}
{"level":"info","message":"ON THE HOME SCREEN OF LINKEDIN"}
{"level":"info","message":"SUCCESSFULLY LOGGED IN"}
{"level":"info","message":"EXECUTING SCENARIO 2 - MESSAGE THE 1st CONNECTIONS"}
{"level":"info","message":"ON THE HOME SCREEN OF LINKEDIN"}
{"level":"info","message":"SUCCESSFULLY LOGGED IN"}
{"level":"info","message":"EXECUTING SCENARIO 2 - MESSAGE THE 1st CONNECTIONS"}
{"level":"info","message":"ON THE HOME SCREEN OF LINKEDIN"}
{"level":"info","message":"SUCCESSFULLY LOGGED IN"}
{"level":"info","message":"CLICKED SAKES NAV"}
{"level":"info","message":"EXECUTING SCENARIO 2 - MESSAGE THE 1st CONNECTIONS"}
{"level":"info","message":"ON THE HOME SCREEN OF LINKEDIN"}
{"level":"info","message":"SUCCESSFULLY LOGGED IN"}
{"level":"info","message":"EXECUTING SCENARIO 2 - MESSAGE THE 1st CONNECTIONS"}
{"level":"info","message":"ON THE HOME SCREEN OF LINKEDIN"}
{"level":"info","message":"SUCCESSFULLY LOGGED IN"}
{"level":"info","message":"CLICKED SAKES NAV"}
{"level":"info","message":"EXECUTING SCENARIO 2 - MESSAGE THE 1st CONNECTIONS"}
{"level":"info","message":"ON THE HOME SCREEN OF LINKEDIN"}
{"level":"info","message":"SUCCESSFULLY LOGGED IN"}
{"level":"info","message":"CLICKED SAKES NAV"}
{"level":"info","message":"EXECUTING SCENARIO 2 - MESSAGE THE 1st CONNECTIONS"}
{"level":"info","message":"ON THE HOME SCREEN OF LINKEDIN"}
{"level":"info","message":"SUCCESSFULLY LOGGED IN"}
{"level":"info","message":"CLICKED SAKES NAV"}
{"level":"info","message":"EXECUTING SCENARIO 2 - MESSAGE THE 1st CONNECTIONS"}
{"level":"info","message":"ON THE HOME SCREEN OF LINKEDIN"}
{"level":"info","message":"SUCCESSFULLY LOGGED IN"}
{"level":"info","message":"CLICKED SAKES NAV"}
{"level":"info","message":"EXECUTING SCENARIO 2 - MESSAGE THE 1st CONNECTIONS"}
{"level":"info","message":"ON THE HOME SCREEN OF LINKEDIN"}
{"level":"info","message":"SUCCESSFULLY LOGGED IN"}
{"level":"info","message":"CLICKED SAKES NAV"}
{"level":"info","message":"EXECUTING SCENARIO 2 - MESSAGE THE 1st CONNECTIONS"}
{"level":"info","message":"ON THE HOME SCREEN OF LINKEDIN"}
{"level":"info","message":"EXECUTING SCENARIO 2 - MESSAGE THE 1st CONNECTIONS"}
{"level":"info","message":"ON THE HOME SCREEN OF LINKEDIN"}
{"level":"info","message":"SUCCESSFULLY LOGGED IN"}
{"level":"info","message":"CLICKED SAKES NAV"}
{"level":"info","message":"EXECUTING SCENARIO 2 - MESSAGE THE 1st CONNECTIONS"}
{"level":"info","message":"ON THE HOME SCREEN OF LINKEDIN"}
{"level":"info","message":"SUCCESSFULLY LOGGED IN"}
{"level":"info","message":"CLICKED SAKES NAV"}
{"level":"info","message":"EXECUTING SCENARIO 2 - MESSAGE THE 1st CONNECTIONS"}
{"level":"info","message":"ON THE HOME SCREEN OF LINKEDIN"}
{"level":"info","message":"SUCCESSFULLY LOGGED IN"}
{"level":"info","message":"CLICKED SAKES NAV"}
{"level":"info","message":"EXECUTING SCENARIO 2 - MESSAGE THE 1st CONNECTIONS"}
{"level":"info","message":"ON THE HOME SCREEN OF LINKEDIN"}
{"level":"info","message":"SUCCESSFULLY LOGGED IN"}
{"level":"info","message":"CLICKED SAKES NAV"}
{"level":"info","message":"EXECUTING SCENARIO 2 - MESSAGE THE 1st CONNECTIONS"}
{"level":"info","message":"ON THE HOME SCREEN OF LINKEDIN"}
{"level":"info","message":"SUCCESSFULLY LOGGED IN"}
{"level":"info","message":"CLICKED SAKES NAV"}
{"level":"info","message":"EXECUTING SCENARIO 2 - MESSAGE THE 1st CONNECTIONS"}
{"level":"info","message":"ON THE HOME SCREEN OF LINKEDIN"}
{"level":"info","message":"SUCCESSFULLY LOGGED IN"}
{"level":"info","message":"CLICKED SAKES NAV"}
{"level":"info","message":"EXECUTING SCENARIO 2 - MESSAGE THE 1st CONNECTIONS"}
{"level":"info","message":"ON THE HOME SCREEN OF LINKEDIN"}
{"level":"info","message":"SUCCESSFULLY LOGGED IN"}
{"level":"info","message":"CLICKED SAKES NAV"}
{"level":"info","message":"EXECUTING SCENARIO 2 - MESSAGE THE 1st CONNECTIONS"}
{"level":"info","message":"ON THE HOME SCREEN OF LINKEDIN"}
{"level":"info","message":"SUCCESSFULLY LOGGED IN"}
{"level":"info","message":"CLICKED SAKES NAV"}
{"level":"info","message":"EXECUTING SCENARIO 2 - MESSAGE THE 1st CONNECTIONS"}
{"level":"info","message":"ON THE HOME SCREEN OF LINKEDIN"}
{"level":"info","message":"SUCCESSFULLY LOGGED IN"}
{"level":"info","message":"CLICKED SAKES NAV"}
{"level":"info","message":"EXECUTING SCENARIO 2 - MESSAGE THE 1st CONNECTIONS"}
{"level":"info","message":"ON THE HOME SCREEN OF LINKEDIN"}
{"level":"info","message":"SUCCESSFULLY LOGGED IN"}
{"level":"info","message":"EXECUTING SCENARIO 2 - MESSAGE THE 1st CONNECTIONS"}
{"level":"info","message":"ON THE HOME SCREEN OF LINKEDIN"}
{"level":"info","message":"SUCCESSFULLY LOGGED IN"}
{"level":"info","message":"CLICKED SAKES NAV"}
{"level":"info","message":"EXECUTING SCENARIO 2 - MESSAGE THE 1st CONNECTIONS"}
{"level":"info","message":"ON THE HOME SCREEN OF LINKEDIN"}
{"level":"info","message":"SUCCESSFULLY LOGGED IN"}
{"level":"info","message":"CLICKED SAKES NAV"}
{"level":"info","message":"EXECUTING SCENARIO 2 - MESSAGE THE 1st CONNECTIONS"}
{"level":"info","message":"ON THE HOME SCREEN OF LINKEDIN"}
{"level":"info","message":"SUCCESSFULLY LOGGED IN"}
{"level":"info","message":"CLICKED SAKES NAV"}
{"level":"info","message":"EXECUTING SCENARIO 2 - MESSAGE THE 1st CONNECTIONS"}
{"level":"info","message":"ON THE HOME SCREEN OF LINKEDIN"}
{"level":"info","message":"SUCCESSFULLY LOGGED IN"}
{"level":"info","message":"CLICKED SAKES NAV"}
{"level":"info","message":"EXECUTING SCENARIO 2 - MESSAGE THE 1st CONNECTIONS"}
{"level":"info","message":"ON THE HOME SCREEN OF LINKEDIN"}
{"level":"info","message":"SUCCESSFULLY LOGGED IN"}
{"level":"info","message":"CLICKED SAKES NAV"}
{"level":"info","message":"EXECUTING SCENARIO 2 - MESSAGE THE 1st CONNECTIONS"}
{"level":"info","message":"ON THE HOME SCREEN OF LINKEDIN"}
{"level":"info","message":"SUCCESSFULLY LOGGED IN"}
{"level":"info","message":"CLICKED SAKES NAV"}
{"level":"info","message":"EXECUTING SCENARIO 2 - MESSAGE THE 1st CONNECTIONS"}
{"level":"info","message":"ON THE HOME SCREEN OF LINKEDIN"}
{"level":"info","message":"SUCCESSFULLY LOGGED IN"}
{"level":"info","message":"CLICKED SAKES NAV"}
{"level":"info","message":"EXECUTING SCENARIO 2 - MESSAGE THE 1st CONNECTIONS"}
{"level":"info","message":"ON THE HOME SCREEN OF LINKEDIN"}
{"level":"info","message":"SUCCESSFULLY LOGGED IN"}
{"level":"info","message":"CLICKED SAKES NAV"}
{"level":"info","message":"EXECUTING SCENARIO 2 - MESSAGE THE 1st CONNECTIONS"}
{"level":"info","message":"ON THE HOME SCREEN OF LINKEDIN"}
{"level":"info","message":"SUCCESSFULLY LOGGED IN"}
{"level":"info","message":"CLICKED SAKES NAV"}
{"level":"info","message":"EXECUTING SCENARIO 2 - MESSAGE THE 1st CONNECTIONS"}
{"level":"info","message":"ON THE HOME SCREEN OF LINKEDIN"}
{"level":"info","message":"SUCCESSFULLY LOGGED IN"}
{"level":"info","message":"CLICKED SAKES NAV"}
{"level":"info","message":"EXECUTING SCENARIO 2 - MESSAGE THE 1st CONNECTIONS"}
{"level":"info","message":"ON THE HOME SCREEN OF LINKEDIN"}
{"level":"info","message":"SUCCESSFULLY LOGGED IN"}
{"level":"info","message":"CLICKED SAKES NAV"}
{"level":"info","message":"EXECUTING SCENARIO 2 - MESSAGE THE 1st CONNECTIONS"}
{"level":"info","message":"ON THE HOME SCREEN OF LINKEDIN"}
{"level":"info","message":"SUCCESSFULLY LOGGED IN"}
{"level":"info","message":"CLICKED SAKES NAV"}
{"level":"info","message":"EXECUTING SCENARIO 2 - MESSAGE THE 1st CONNECTIONS"}
{"level":"info","message":"ON THE HOME SCREEN OF LINKEDIN"}
{"level":"info","message":"SUCCESSFULLY LOGGED IN"}
{"level":"info","message":"CLICKED SAKES NAV"}
{"level":"info","message":"EXECUTING SCENARIO 2 - MESSAGE THE 1st CONNECTIONS"}
{"level":"info","message":"ON THE HOME SCREEN OF LINKEDIN"}
{"level":"info","message":"SUCCESSFULLY LOGGED IN"}
{"level":"info","message":"CLICKED SAKES NAV"}
{"level":"info","message":"EXECUTING SCENARIO 2 - MESSAGE THE 1st CONNECTIONS"}
{"level":"info","message":"ON THE HOME SCREEN OF LINKEDIN"}
{"level":"info","message":"SUCCESSFULLY LOGGED IN"}
{"level":"info","message":"EXECUTING SCENARIO 2 - MESSAGE THE 1st CONNECTIONS"}
{"level":"info","message":"ON THE HOME SCREEN OF LINKEDIN"}
{"level":"info","message":"SUCCESSFULLY LOGGED IN"}
{"level":"info","message":"CLICKED SAKES NAV"}
{"level":"info","message":"EXECUTING SCENARIO 2 - MESSAGE THE 1st CONNECTIONS"}
{"level":"info","message":"ON THE HOME SCREEN OF LINKEDIN"}
{"level":"info","message":"SUCCESSFULLY LOGGED IN"}
{"level":"info","message":"CLICKED SAKES NAV"}
{"level":"info","message":"EXECUTING SCENARIO 2 - MESSAGE THE 1st CONNECTIONS"}
{"level":"info","message":"ON THE HOME SCREEN OF LINKEDIN"}
{"level":"info","message":"SUCCESSFULLY LOGGED IN"}
{"level":"info","message":"EXECUTING SCENARIO 2 - MESSAGE THE 1st CONNECTIONS"}
{"level":"info","message":"ON THE HOME SCREEN OF LINKEDIN"}
{"level":"info","message":"SUCCESSFULLY LOGGED IN"}
{"level":"info","message":"EXECUTING SCENARIO 2 - MESSAGE THE 1st CONNECTIONS"}
{"level":"info","message":"ON THE HOME SCREEN OF LINKEDIN"}
{"level":"info","message":"SUCCESSFULLY LOGGED IN"}
{"level":"info","message":"CLICKED SAKES NAV"}
{"level":"info","message":"EXECUTING SCENARIO 2 - MESSAGE THE 1st CONNECTIONS"}
{"level":"info","message":"ON THE HOME SCREEN OF LINKEDIN"}
{"level":"info","message":"SUCCESSFULLY LOGGED IN"}
{"level":"info","message":"CLICKED SAKES NAV"}
{"level":"info","message":"EXECUTING SCENARIO 2 - MESSAGE THE 1st CONNECTIONS"}
{"level":"info","message":"ON THE HOME SCREEN OF LINKEDIN"}
{"level":"info","message":"SUCCESSFULLY LOGGED IN"}
{"level":"info","message":"CLICKED SAKES NAV"}
{"level":"info","message":"EXECUTING SCENARIO 2 - MESSAGE THE 1st CONNECTIONS"}
{"level":"info","message":"ON THE HOME SCREEN OF LINKEDIN"}
{"level":"info","message":"SUCCESSFULLY LOGGED IN"}
{"level":"info","message":"CLICKED SAKES NAV"}
{"level":"info","message":"EXECUTING SCENARIO 2 - MESSAGE THE 1st CONNECTIONS"}
{"level":"info","message":"ON THE HOME SCREEN OF LINKEDIN"}
{"level":"info","message":"SUCCESSFULLY LOGGED IN"}
{"level":"info","message":"CLICKED SAKES NAV"}
{"level":"info","message":"EXECUTING SCENARIO 2 - MESSAGE THE 1st CONNECTIONS"}
{"level":"info","message":"ON THE HOME SCREEN OF LINKEDIN"}
{"level":"info","message":"SUCCESSFULLY LOGGED IN"}
{"level":"info","message":"CLICKED SAKES NAV"}
{"level":"info","message":"EXECUTING SCENARIO 2 - MESSAGE THE 1st CONNECTIONS"}
{"level":"info","message":"ON THE HOME SCREEN OF LINKEDIN"}
{"level":"info","message":"SUCCESSFULLY LOGGED IN"}
{"level":"info","message":"CLICKED SAKES NAV"}
{"level":"info","message":"EXECUTING SCENARIO 2 - MESSAGE THE 1st CONNECTIONS"}
{"level":"info","message":"ON THE HOME SCREEN OF LINKEDIN"}
{"level":"info","message":"SUCCESSFULLY LOGGED IN"}
{"level":"info","message":"CLICKED SAKES NAV"}
{"level":"info","message":"EXECUTING SCENARIO 2 - MESSAGE THE 1st CONNECTIONS"}
{"level":"info","message":"ON THE HOME SCREEN OF LINKEDIN"}
{"level":"info","message":"SUCCESSFULLY LOGGED IN"}
{"level":"info","message":"EXECUTING SCENARIO 2 - MESSAGE THE 1st CONNECTIONS"}
{"level":"info","message":"ON THE HOME SCREEN OF LINKEDIN"}
{"level":"info","message":"SUCCESSFULLY LOGGED IN"}
{"level":"info","message":"CLICKED SAKES NAV"}
{"level":"info","message":"EXECUTING SCENARIO 2 - MESSAGE THE 1st CONNECTIONS"}
{"level":"info","message":"ON THE HOME SCREEN OF LINKEDIN"}
{"level":"info","message":"SUCCESSFULLY LOGGED IN"}
{"level":"info","message":"CLICKED SAKES NAV"}
{"level":"info","message":"EXECUTING SCENARIO 2 - MESSAGE THE 1st CONNECTIONS"}
{"level":"info","message":"ON THE HOME SCREEN OF LINKEDIN"}
{"level":"info","message":"SUCCESSFULLY LOGGED IN"}
{"level":"info","message":"CLICKED SAKES NAV"}
{"level":"info","message":"EXECUTING SCENARIO 2 - MESSAGE THE 1st CONNECTIONS"}
{"level":"info","message":"ON THE HOME SCREEN OF LINKEDIN"}
{"level":"info","message":"SUCCESSFULLY LOGGED IN"}
{"level":"info","message":"CLICKED SAKES NAV"}
{"level":"info","message":"EXECUTING SCENARIO 2 - MESSAGE THE 1st CONNECTIONS"}
{"level":"info","message":"ON THE HOME SCREEN OF LINKEDIN"}
{"level":"info","message":"SUCCESSFULLY LOGGED IN"}
{"level":"info","message":"CLICKED SAKES NAV"}
{"level":"info","message":"EXECUTING SCENARIO 2 - MESSAGE THE 1st CONNECTIONS"}
{"level":"info","message":"ON THE HOME SCREEN OF LINKEDIN"}
{"level":"info","message":"SUCCESSFULLY LOGGED IN"}
{"level":"info","message":"CLICKED SAKES NAV"}
{"level":"info","message":"EXECUTING SCENARIO 2 - MESSAGE THE 1st CONNECTIONS"}
{"level":"info","message":"ON THE HOME SCREEN OF LINKEDIN"}
{"level":"info","message":"SUCCESSFULLY LOGGED IN"}
{"level":"info","message":"CLICKED SAKES NAV"}
{"level":"info","message":"EXECUTING SCENARIO 2 - MESSAGE THE 1st CONNECTIONS"}
{"level":"info","message":"ON THE HOME SCREEN OF LINKEDIN"}
{"level":"info","message":"SUCCESSFULLY LOGGED IN"}
{"level":"info","message":"CLICKED SAKES NAV"}
{"level":"info","message":"EXECUTING SCENARIO 2 - MESSAGE THE 1st CONNECTIONS"}
{"level":"info","message":"ON THE HOME SCREEN OF LINKEDIN"}
{"level":"info","message":"SUCCESSFULLY LOGGED IN"}
{"level":"info","message":"CLICKED SAKES NAV"}
{"level":"info","message":"EXECUTING SCENARIO 2 - MESSAGE THE 1st CONNECTIONS"}
{"level":"info","message":"ON THE HOME SCREEN OF LINKEDIN"}
{"level":"info","message":"SUCCESSFULLY LOGGED IN"}
{"level":"info","message":"EXECUTING SCENARIO 2 - MESSAGE THE 1st CONNECTIONS"}
{"level":"info","message":"ON THE HOME SCREEN OF LINKEDIN"}
{"level":"info","message":"SUCCESSFULLY LOGGED IN"}
{"level":"info","message":"CLICKED SAKES NAV"}
{"level":"info","message":"EXECUTING SCENARIO 2 - MESSAGE THE 1st CONNECTIONS"}
{"level":"info","message":"ON THE HOME SCREEN OF LINKEDIN"}
{"level":"info","message":"SUCCESSFULLY LOGGED IN"}
{"level":"info","message":"CLICKED SAKES NAV"}
{"level":"info","message":"EXECUTING SCENARIO 2 - MESSAGE THE 1st CONNECTIONS"}
{"level":"info","message":"ON THE HOME SCREEN OF LINKEDIN"}
{"level":"info","message":"SUCCESSFULLY LOGGED IN"}
{"level":"info","message":"CLICKED SAKES NAV"}
{"level":"info","message":"EXECUTING SCENARIO 2 - MESSAGE THE 1st CONNECTIONS"}
{"level":"info","message":"ON THE HOME SCREEN OF LINKEDIN"}
{"level":"info","message":"SUCCESSFULLY LOGGED IN"}
{"level":"info","message":"CLICKED SAKES NAV"}
{"level":"info","message":"EXECUTING SCENARIO 2 - MESSAGE THE 1st CONNECTIONS"}
{"level":"info","message":"ON THE HOME SCREEN OF LINKEDIN"}
{"level":"info","message":"SUCCESSFULLY LOGGED IN"}
{"level":"info","message":"EXECUTING SCENARIO 2 - MESSAGE THE 1st CONNECTIONS"}
{"level":"info","message":"ON THE HOME SCREEN OF LINKEDIN"}
{"level":"info","message":"SUCCESSFULLY LOGGED IN"}
{"level":"info","message":"CLICKED SAKES NAV"}
{"level":"info","message":"EXECUTING SCENARIO 2 - MESSAGE THE 1st CONNECTIONS"}
{"level":"info","message":"ON THE HOME SCREEN OF LINKEDIN"}
{"level":"info","message":"SUCCESSFULLY LOGGED IN"}
{"level":"info","message":"CLICKED SAKES NAV"}
{"level":"info","message":"EXECUTING SCENARIO 2 - MESSAGE THE 1st CONNECTIONS"}
{"level":"info","message":"ON THE HOME SCREEN OF LINKEDIN"}
{"level":"info","message":"SUCCESSFULLY LOGGED IN"}
{"level":"info","message":"CLICKED SAKES NAV"}
{"level":"info","message":"EXECUTING SCENARIO 2 - MESSAGE THE 1st CONNECTIONS"}
{"level":"info","message":"ON THE HOME SCREEN OF LINKEDIN"}
{"level":"info","message":"SUCCESSFULLY LOGGED IN"}
{"level":"info","message":"CLICKED SAKES NAV"}
{"level":"info","message":"EXECUTING SCENARIO 2 - MESSAGE THE 1st CONNECTIONS"}
{"level":"info","message":"ON THE HOME SCREEN OF LINKEDIN"}
{"level":"info","message":"SUCCESSFULLY LOGGED IN"}
{"level":"info","message":"CLICKED SAKES NAV"}
{"level":"info","message":"EXECUTING SCENARIO 2 - MESSAGE THE 1st CONNECTIONS"}
{"level":"info","message":"ON THE HOME SCREEN OF LINKEDIN"}
{"level":"info","message":"SUCCESSFULLY LOGGED IN"}
{"level":"info","message":"CLICKED SAKES NAV"}
{"level":"info","message":"EXECUTING SCENARIO 2 - MESSAGE THE 1st CONNECTIONS"}
{"level":"info","message":"ON THE HOME SCREEN OF LINKEDIN"}
{"level":"info","message":"SUCCESSFULLY LOGGED IN"}
{"level":"info","message":"CLICKED SAKES NAV"}
{"level":"info","message":"EXECUTING SCENARIO 2 - MESSAGE THE 1st CONNECTIONS"}
{"level":"info","message":"ON THE HOME SCREEN OF LINKEDIN"}
{"level":"info","message":"SUCCESSFULLY LOGGED IN"}
{"level":"info","message":"EXECUTING SCENARIO 2 - MESSAGE THE 1st CONNECTIONS"}
{"level":"info","message":"ON THE HOME SCREEN OF LINKEDIN"}
{"level":"info","message":"SUCCESSFULLY LOGGED IN"}
{"level":"info","message":"CLICKED SAKES NAV"}
{"level":"info","message":"EXECUTING SCENARIO 2 - MESSAGE THE 1st CONNECTIONS"}
{"level":"info","message":"ON THE HOME SCREEN OF LINKEDIN"}
{"level":"info","message":"SUCCESSFULLY LOGGED IN"}
{"level":"info","message":"CLICKED SAKES NAV"}
{"level":"info","message":"EXECUTING SCENARIO 2 - MESSAGE THE 1st CONNECTIONS"}
{"level":"info","message":"ON THE HOME SCREEN OF LINKEDIN"}
{"level":"info","message":"SUCCESSFULLY LOGGED IN"}
{"level":"info","message":"CLICKED SAKES NAV"}
{"level":"info","message":"EXECUTING SCENARIO 2 - MESSAGE THE 1st CONNECTIONS"}
{"level":"info","message":"ON THE HOME SCREEN OF LINKEDIN"}
{"level":"info","message":"SUCCESSFULLY LOGGED IN"}
{"level":"info","message":"CLICKED SAKES NAV"}
{"level":"info","message":"EXECUTING SCENARIO 2 - MESSAGE THE 1st CONNECTIONS"}
{"level":"info","message":"ON THE HOME SCREEN OF LINKEDIN"}
{"level":"info","message":"SUCCESSFULLY LOGGED IN"}
{"level":"info","message":"CLICKED SAKES NAV"}
{"level":"info","message":"EXECUTING SCENARIO 2 - MESSAGE THE 1st CONNECTIONS"}
{"level":"info","message":"ON THE HOME SCREEN OF LINKEDIN"}
{"level":"info","message":"SUCCESSFULLY LOGGED IN"}
{"level":"info","message":"CLICKED SAKES NAV"}
{"level":"info","message":"EXECUTING SCENARIO 2 - MESSAGE THE 1st CONNECTIONS"}
{"level":"info","message":"ON THE HOME SCREEN OF LINKEDIN"}
{"level":"info","message":"SUCCESSFULLY LOGGED IN"}
{"level":"info","message":"CLICKED SAKES NAV"}
{"level":"info","message":"EXECUTING SCENARIO 2 - MESSAGE THE 1st CONNECTIONS"}
{"level":"info","message":"ON THE HOME SCREEN OF LINKEDIN"}
{"level":"info","message":"SUCCESSFULLY LOGGED IN"}
{"level":"info","message":"CLICKED SAKES NAV"}
{"level":"info","message":"EXECUTING SCENARIO 2 - MESSAGE THE 1st CONNECTIONS"}
{"level":"info","message":"ON THE HOME SCREEN OF LINKEDIN"}
{"level":"info","message":"SUCCESSFULLY LOGGED IN"}
{"level":"info","message":"CLICKED SAKES NAV"}
{"level":"info","message":"EXECUTING SCENARIO 2 - MESSAGE THE 1st CONNECTIONS"}
{"level":"info","message":"ON THE HOME SCREEN OF LINKEDIN"}
{"level":"info","message":"SUCCESSFULLY LOGGED IN"}
{"level":"info","message":"CLICKED SAKES NAV"}
{"level":"info","message":"EXECUTING SCENARIO 2 - MESSAGE THE 1st CONNECTIONS"}
{"level":"info","message":"ON THE HOME SCREEN OF LINKEDIN"}
{"level":"info","message":"SUCCESSFULLY LOGGED IN"}
{"level":"info","message":"CLICKED SAKES NAV"}
{"level":"info","message":"EXECUTING SCENARIO 2 - MESSAGE THE 1st CONNECTIONS"}
{"level":"info","message":"ON THE HOME SCREEN OF LINKEDIN"}
{"level":"info","message":"SUCCESSFULLY LOGGED IN"}
{"level":"info","message":"CLICKED SAKES NAV"}
{"level":"info","message":"EXECUTING SCENARIO 2 - MESSAGE THE 1st CONNECTIONS"}
{"level":"info","message":"ON THE HOME SCREEN OF LINKEDIN"}
{"level":"info","message":"SUCCESSFULLY LOGGED IN"}
{"level":"info","message":"CLICKED SAKES NAV"}
{"level":"info","message":"EXECUTING SCENARIO 2 - MESSAGE THE 1st CONNECTIONS"}
{"level":"info","message":"ON THE HOME SCREEN OF LINKEDIN"}
{"level":"info","message":"SUCCESSFULLY LOGGED IN"}
{"level":"info","message":"CLICKED SAKES NAV"}
{"level":"info","message":"EXECUTING SCENARIO 2 - MESSAGE THE 1st CONNECTIONS"}
{"level":"info","message":"ON THE HOME SCREEN OF LINKEDIN"}
{"level":"info","message":"SUCCESSFULLY LOGGED IN"}
{"level":"info","message":"CLICKED SAKES NAV"}
{"level":"info","message":"EXECUTING SCENARIO 2 - MESSAGE THE 1st CONNECTIONS"}
{"level":"info","message":"ON THE HOME SCREEN OF LINKEDIN"}
{"level":"info","message":"SUCCESSFULLY LOGGED IN"}
{"level":"info","message":"CLICKED SAKES NAV"}
{"level":"info","message":"EXECUTING SCENARIO 2 - MESSAGE THE 1st CONNECTIONS"}
{"level":"info","message":"ON THE HOME SCREEN OF LINKEDIN"}
{"level":"info","message":"SUCCESSFULLY LOGGED IN"}
{"level":"info","message":"CLICKED SAKES NAV"}
{"level":"info","message":"EXECUTING SCENARIO 2 - MESSAGE THE 1st CONNECTIONS"}
{"level":"info","message":"ON THE HOME SCREEN OF LINKEDIN"}
{"level":"info","message":"SUCCESSFULLY LOGGED IN"}
{"level":"info","message":"CLICKED SAKES NAV"}
{"level":"info","message":"EXECUTING SCENARIO 2 - MESSAGE THE 1st CONNECTIONS"}
{"level":"info","message":"ON THE HOME SCREEN OF LINKEDIN"}
{"level":"info","message":"SUCCESSFULLY LOGGED IN"}
{"level":"info","message":"CLICKED SAKES NAV"}
{"level":"info","message":"EXECUTING SCENARIO 2 - MESSAGE THE 1st CONNECTIONS"}
{"level":"info","message":"ON THE HOME SCREEN OF LINKEDIN"}
{"level":"info","message":"SUCCESSFULLY LOGGED IN"}
{"level":"info","message":"CLICKED SAKES NAV"}
{"level":"info","message":"EXECUTING SCENARIO 2 - MESSAGE THE 1st CONNECTIONS"}
{"level":"info","message":"ON THE HOME SCREEN OF LINKEDIN"}
{"level":"info","message":"SUCCESSFULLY LOGGED IN"}
{"level":"info","message":"CLICKED SAKES NAV"}
{"level":"info","message":"EXECUTING SCENARIO 2 - MESSAGE THE 1st CONNECTIONS"}
{"level":"info","message":"ON THE HOME SCREEN OF LINKEDIN"}
{"level":"info","message":"SUCCESSFULLY LOGGED IN"}
{"level":"info","message":"CLICKED SAKES NAV"}
{"level":"info","message":"EXECUTING SCENARIO 2 - MESSAGE THE 1st CONNECTIONS"}
{"level":"info","message":"ON THE HOME SCREEN OF LINKEDIN"}
{"level":"info","message":"SUCCESSFULLY LOGGED IN"}
{"level":"info","message":"CLICKED SAKES NAV"}
{"level":"info","message":"EXECUTING SCENARIO 2 - MESSAGE THE 1st CONNECTIONS"}
{"level":"info","message":"ON THE HOME SCREEN OF LINKEDIN"}
{"level":"info","message":"SUCCESSFULLY LOGGED IN"}
{"level":"info","message":"CLICKED SAKES NAV"}
{"level":"info","message":"EXECUTING SCENARIO 2 - MESSAGE THE 1st CONNECTIONS"}
{"level":"info","message":"ON THE HOME SCREEN OF LINKEDIN"}
{"level":"info","message":"SUCCESSFULLY LOGGED IN"}
{"level":"info","message":"CLICKED SAKES NAV"}
{"level":"info","message":"EXECUTING SCENARIO 2 - MESSAGE THE 1st CONNECTIONS"}
{"level":"info","message":"ON THE HOME SCREEN OF LINKEDIN"}
{"level":"info","message":"SUCCESSFULLY LOGGED IN"}
{"level":"info","message":"CLICKED SAKES NAV"}
{"level":"info","message":"EXECUTING SCENARIO 2 - MESSAGE THE 1st CONNECTIONS"}
{"level":"info","message":"ON THE HOME SCREEN OF LINKEDIN"}
{"level":"info","message":"SUCCESSFULLY LOGGED IN"}
{"level":"info","message":"CLICKED SAKES NAV"}
{"level":"info","message":"EXECUTING SCENARIO 2 - MESSAGE THE 1st CONNECTIONS"}
{"level":"info","message":"ON THE HOME SCREEN OF LINKEDIN"}
{"level":"info","message":"SUCCESSFULLY LOGGED IN"}
{"level":"info","message":"CLICKED SAKES NAV"}
{"level":"info","message":"EXECUTING SCENARIO 2 - MESSAGE THE 1st CONNECTIONS"}
{"level":"info","message":"ON THE HOME SCREEN OF LINKEDIN"}
{"level":"info","message":"SUCCESSFULLY LOGGED IN"}
{"level":"info","message":"CLICKED SAKES NAV"}
{"level":"info","message":"EXECUTING SCENARIO 2 - MESSAGE THE 1st CONNECTIONS"}
{"level":"info","message":"ON THE HOME SCREEN OF LINKEDIN"}
{"level":"info","message":"SUCCESSFULLY LOGGED IN"}
{"level":"info","message":"CLICKED SAKES NAV"}
{"level":"info","message":"EXECUTING SCENARIO 2 - MESSAGE THE 1st CONNECTIONS"}
{"level":"info","message":"ON THE HOME SCREEN OF LINKEDIN"}
{"level":"info","message":"SUCCESSFULLY LOGGED IN"}
{"level":"info","message":"CLICKED SAKES NAV"}
{"level":"info","message":"EXECUTING SCENARIO 2 - MESSAGE THE 1st CONNECTIONS"}
{"level":"info","message":"ON THE HOME SCREEN OF LINKEDIN"}
{"level":"info","message":"SUCCESSFULLY LOGGED IN"}
{"level":"info","message":"CLICKED SAKES NAV"}
{"level":"info","message":"EXECUTING SCENARIO 2 - MESSAGE THE 1st CONNECTIONS"}
{"level":"info","message":"ON THE HOME SCREEN OF LINKEDIN"}
{"level":"info","message":"SUCCESSFULLY LOGGED IN"}
{"level":"info","message":"CLICKED SAKES NAV"}
{"level":"info","message":"EXECUTING SCENARIO 2 - MESSAGE THE 1st CONNECTIONS"}
{"level":"info","message":"ON THE HOME SCREEN OF LINKEDIN"}
{"level":"info","message":"SUCCESSFULLY LOGGED IN"}
{"level":"info","message":"CLICKED SAKES NAV"}
{"level":"info","message":"EXECUTING SCENARIO 2 - MESSAGE THE 1st CONNECTIONS"}
{"level":"info","message":"ON THE HOME SCREEN OF LINKEDIN"}
{"level":"info","message":"SUCCESSFULLY LOGGED IN"}
{"level":"info","message":"CLICKED SAKES NAV"}
{"level":"info","message":"EXECUTING SCENARIO 2 - MESSAGE THE 1st CONNECTIONS"}
{"level":"info","message":"ON THE HOME SCREEN OF LINKEDIN"}
{"level":"info","message":"SUCCESSFULLY LOGGED IN"}
{"level":"info","message":"CLICKED SAKES NAV"}
{"level":"info","message":"EXECUTING SCENARIO 2 - MESSAGE THE 1st CONNECTIONS"}
{"level":"info","message":"ON THE HOME SCREEN OF LINKEDIN"}
{"level":"info","message":"SUCCESSFULLY LOGGED IN"}
{"level":"info","message":"EXECUTING SCENARIO 2 - MESSAGE THE 1st CONNECTIONS"}
{"level":"info","message":"ON THE HOME SCREEN OF LINKEDIN"}
{"level":"info","message":"SUCCESSFULLY LOGGED IN"}
{"level":"info","message":"EXECUTING SCENARIO 2 - MESSAGE THE 1st CONNECTIONS"}
{"level":"info","message":"ON THE HOME SCREEN OF LINKEDIN"}
{"level":"info","message":"SUCCESSFULLY LOGGED IN"}
{"level":"info","message":"CLICKED SAKES NAV"}
{"level":"info","message":"EXECUTING SCENARIO 2 - MESSAGE THE 1st CONNECTIONS"}
{"level":"info","message":"ON THE HOME SCREEN OF LINKEDIN"}
{"level":"info","message":"SUCCESSFULLY LOGGED IN"}
{"level":"info","message":"CLICKED SAKES NAV"}
{"level":"info","message":"EXECUTING SCENARIO 2 - MESSAGE THE 1st CONNECTIONS"}
{"level":"info","message":"ON THE HOME SCREEN OF LINKEDIN"}
{"level":"info","message":"SUCCESSFULLY LOGGED IN"}
{"level":"info","message":"CLICKED SAKES NAV"}
{"level":"info","message":"EXECUTING SCENARIO 2 - MESSAGE THE 1st CONNECTIONS"}
{"level":"info","message":"ON THE HOME SCREEN OF LINKEDIN"}
{"level":"info","message":"SUCCESSFULLY LOGGED IN"}
{"level":"info","message":"CLICKED SAKES NAV"}
{"level":"info","message":"EXECUTING SCENARIO 2 - MESSAGE THE 1st CONNECTIONS"}
{"level":"info","message":"ON THE HOME SCREEN OF LINKEDIN"}
{"level":"info","message":"SUCCESSFULLY LOGGED IN"}
{"level":"info","message":"CLICKED SAKES NAV"}
{"level":"info","message":"EXECUTING SCENARIO 2 - MESSAGE THE 1st CONNECTIONS"}
{"level":"info","message":"ON THE HOME SCREEN OF LINKEDIN"}
{"level":"info","message":"SUCCESSFULLY LOGGED IN"}
{"level":"info","message":"CLICKED SAKES NAV"}
{"level":"info","message":"EXECUTING SCENARIO 2 - MESSAGE THE 1st CONNECTIONS"}
{"level":"info","message":"ON THE HOME SCREEN OF LINKEDIN"}
{"level":"info","message":"SUCCESSFULLY LOGGED IN"}
{"level":"info","message":"CLICKED SAKES NAV"}
{"level":"info","message":"EXECUTING SCENARIO 2 - MESSAGE THE 1st CONNECTIONS"}
{"level":"info","message":"ON THE HOME SCREEN OF LINKEDIN"}
{"level":"info","message":"SUCCESSFULLY LOGGED IN"}
{"level":"info","message":"First connections are found with searchTitle VP"}
{"level":"info","message":"First connections are found with searchTitle VP"}
{"level":"info","message":"EXECUTING SCENARIO 2 - MESSAGE THE 1st CONNECTIONS"}
{"level":"info","message":"ON THE HOME SCREEN OF LINKEDIN"}
{"level":"info","message":"SUCCESSFULLY LOGGED IN"}
{"level":"info","message":"CLICKED SAKES NAV"}
{"level":"info","message":"EXECUTING SCENARIO 2 - MESSAGE THE 1st CONNECTIONS"}
{"level":"info","message":"ON THE HOME SCREEN OF LINKEDIN"}
{"level":"info","message":"SUCCESSFULLY LOGGED IN"}
{"level":"info","message":"CLICKED SAKES NAV"}
{"level":"info","message":"EXECUTING SCENARIO 2 - MESSAGE THE 1st CONNECTIONS"}
{"level":"info","message":"ON THE HOME SCREEN OF LINKEDIN"}
{"level":"info","message":"SUCCESSFULLY LOGGED IN"}
{"level":"info","message":"CLICKED SAKES NAV"}
{"level":"info","message":"EXECUTING SCENARIO 2 - MESSAGE THE 1st CONNECTIONS"}
{"level":"info","message":"ON THE HOME SCREEN OF LINKEDIN"}
{"level":"info","message":"SUCCESSFULLY LOGGED IN"}
{"level":"info","message":"CLICKED SAKES NAV"}
{"level":"info","message":"EXECUTING SCENARIO 2 - MESSAGE THE 1st CONNECTIONS"}
{"level":"info","message":"ON THE HOME SCREEN OF LINKEDIN"}
{"level":"info","message":"SUCCESSFULLY LOGGED IN"}
{"level":"info","message":"CLICKED SAKES NAV"}
{"level":"info","message":"EXECUTING SCENARIO 2 - MESSAGE THE 1st CONNECTIONS"}
{"level":"info","message":"ON THE HOME SCREEN OF LINKEDIN"}
{"level":"info","message":"SUCCESSFULLY LOGGED IN"}
{"level":"info","message":"CLICKED SAKES NAV"}
{"level":"info","message":"EXECUTING SCENARIO 2 - MESSAGE THE 1st CONNECTIONS"}
{"level":"info","message":"ON THE HOME SCREEN OF LINKEDIN"}
{"level":"info","message":"SUCCESSFULLY LOGGED IN"}
{"level":"info","message":"CLICKED SAKES NAV"}
{"level":"info","message":"EXECUTING SCENARIO 2 - MESSAGE THE 1st CONNECTIONS"}
{"level":"info","message":"ON THE HOME SCREEN OF LINKEDIN"}
{"level":"info","message":"SUCCESSFULLY LOGGED IN"}
{"level":"info","message":"CLICKED SAKES NAV"}
{"level":"info","message":"EXECUTING SCENARIO 2 - MESSAGE THE 1st CONNECTIONS"}
{"level":"info","message":"ON THE HOME SCREEN OF LINKEDIN"}
{"level":"info","message":"SUCCESSFULLY LOGGED IN"}
{"level":"info","message":"CLICKED SAKES NAV"}
{"level":"info","message":"EXECUTING SCENARIO 2 - MESSAGE THE 1st CONNECTIONS"}
{"level":"info","message":"ON THE HOME SCREEN OF LINKEDIN"}
{"level":"info","message":"SUCCESSFULLY LOGGED IN"}
{"level":"info","message":"CLICKED SAKES NAV"}
{"level":"info","message":"EXECUTING SCENARIO 2 - MESSAGE THE 1st CONNECTIONS"}
{"level":"info","message":"ON THE HOME SCREEN OF LINKEDIN"}
{"level":"info","message":"SUCCESSFULLY LOGGED IN"}
{"level":"info","message":"CLICKED SAKES NAV"}
{"level":"info","message":"EXECUTING SCENARIO 2 - MESSAGE THE 1st CONNECTIONS"}
{"level":"info","message":"ON THE HOME SCREEN OF LINKEDIN"}
{"level":"info","message":"SUCCESSFULLY LOGGED IN"}
{"level":"info","message":"CLICKED SAKES NAV"}
{"level":"info","message":"EXECUTING SCENARIO 2 - MESSAGE THE 1st CONNECTIONS"}
{"level":"info","message":"ON THE HOME SCREEN OF LINKEDIN"}
{"level":"info","message":"SUCCESSFULLY LOGGED IN"}
{"level":"info","message":"EXECUTING SCENARIO 2 - MESSAGE THE 1st CONNECTIONS"}
{"level":"info","message":"ON THE HOME SCREEN OF LINKEDIN"}
{"level":"info","message":"SUCCESSFULLY LOGGED IN"}
{"level":"info","message":"CLICKED SAKES NAV"}
{"level":"info","message":"EXECUTING SCENARIO 2 - MESSAGE THE 1st CONNECTIONS"}
{"level":"info","message":"ON THE HOME SCREEN OF LINKEDIN"}
{"level":"info","message":"SUCCESSFULLY LOGGED IN"}
{"level":"info","message":"CLICKED SAKES NAV"}
{"level":"info","message":"EXECUTING SCENARIO 2 - MESSAGE THE 1st CONNECTIONS"}
{"level":"info","message":"ON THE HOME SCREEN OF LINKEDIN"}
{"level":"info","message":"SUCCESSFULLY LOGGED IN"}
{"level":"info","message":"CLICKED SAKES NAV"}
{"level":"info","message":"EXECUTING SCENARIO 2 - MESSAGE THE 1st CONNECTIONS"}
{"level":"info","message":"ON THE HOME SCREEN OF LINKEDIN"}
{"level":"info","message":"SUCCESSFULLY LOGGED IN"}
{"level":"info","message":"CLICKED SAKES NAV"}
{"level":"info","message":"EXECUTING SCENARIO 2 - MESSAGE THE 1st CONNECTIONS"}
{"level":"info","message":"ON THE HOME SCREEN OF LINKEDIN"}
{"level":"info","message":"SUCCESSFULLY LOGGED IN"}
{"level":"info","message":"CLICKED SAKES NAV"}
{"level":"info","message":"EXECUTING SCENARIO 2 - MESSAGE THE 1st CONNECTIONS"}
{"level":"info","message":"ON THE HOME SCREEN OF LINKEDIN"}
{"level":"info","message":"SUCCESSFULLY LOGGED IN"}
{"level":"info","message":"CLICKED SAKES NAV"}
{"level":"info","message":"EXECUTING SCENARIO 2 - MESSAGE THE 1st CONNECTIONS"}
{"level":"info","message":"ON THE HOME SCREEN OF LINKEDIN"}
{"level":"info","message":"SUCCESSFULLY LOGGED IN"}
{"level":"info","message":"EXECUTING SCENARIO 2 - MESSAGE THE 1st CONNECTIONS"}
{"level":"info","message":"ON THE HOME SCREEN OF LINKEDIN"}
{"level":"info","message":"SUCCESSFULLY LOGGED IN"}
{"level":"info","message":"EXECUTING SCENARIO 2 - MESSAGE THE 1st CONNECTIONS"}
{"level":"info","message":"ON THE HOME SCREEN OF LINKEDIN"}
{"level":"info","message":"SUCCESSFULLY LOGGED IN"}
{"level":"info","message":"EXECUTING SCENARIO 2 - MESSAGE THE 1st CONNECTIONS"}
{"level":"info","message":"ON THE HOME SCREEN OF LINKEDIN"}
{"level":"info","message":"SUCCESSFULLY LOGGED IN"}
{"level":"info","message":"EXECUTING SCENARIO 2 - MESSAGE THE 1st CONNECTIONS"}
{"level":"info","message":"ON THE HOME SCREEN OF LINKEDIN"}
{"level":"info","message":"SUCCESSFULLY LOGGED IN"}
{"level":"info","message":"EXECUTING SCENARIO 2 - MESSAGE THE 1st CONNECTIONS"}
{"level":"info","message":"ON THE HOME SCREEN OF LINKEDIN"}
{"level":"info","message":"SUCCESSFULLY LOGGED IN"}
{"level":"info","message":"First connections are found with searchTitle VP"}
{"level":"info","message":"EXECUTING SCENARIO 2 - MESSAGE THE 1st CONNECTIONS"}
{"level":"info","message":"ON THE HOME SCREEN OF LINKEDIN"}
{"level":"info","message":"SUCCESSFULLY LOGGED IN"}
{"level":"info","message":"CLICKED SAKES NAV"}
{"level":"info","message":"EXECUTING SCENARIO 2 - MESSAGE THE 1st CONNECTIONS"}
{"level":"info","message":"ON THE HOME SCREEN OF LINKEDIN"}
{"level":"info","message":"SUCCESSFULLY LOGGED IN"}
{"level":"info","message":"First connections are found with searchTitle VP"}
{"level":"info","message":"EXECUTING SCENARIO 2 - MESSAGE THE 1st CONNECTIONS"}
{"level":"info","message":"ON THE HOME SCREEN OF LINKEDIN"}
{"level":"info","message":"SUCCESSFULLY LOGGED IN"}
{"level":"info","message":"First connections are found with searchTitle VP"}
{"level":"info","message":"First connections are found with searchTitle VP"}
{"level":"info","message":"First connections are found with searchTitle VP"}
{"level":"info","message":"Found Ritesh again"}
{"level":"info","message":"Found Koshel again"}
{"level":"info","message":"Found Gopal again"}
{"level":"info","message":"Found Lavanya again"}
{"level":"info","message":"Found Srikanthan again"}
{"level":"info","message":"Found VP again"}
{"level":"info","message":"Found Mayank again"}
{"level":"info","message":"EXECUTING SCENARIO 2 - MESSAGE THE 1st CONNECTIONS"}
{"level":"info","message":"ON THE HOME SCREEN OF LINKEDIN"}
{"level":"info","message":"SUCCESSFULLY LOGGED IN"}
{"level":"info","message":"CLICKED SAKES NAV"}
{"level":"info","message":"EXECUTING SCENARIO 2 - MESSAGE THE 1st CONNECTIONS"}
{"level":"info","message":"ON THE HOME SCREEN OF LINKEDIN"}
{"level":"info","message":"SUCCESSFULLY LOGGED IN"}
{"level":"info","message":"CLICKED SAKES NAV"}
{"level":"info","message":"EXECUTING SCENARIO 2 - MESSAGE THE 1st CONNECTIONS"}
{"level":"info","message":"ON THE HOME SCREEN OF LINKEDIN"}
{"level":"info","message":"SUCCESSFULLY LOGGED IN"}
{"level":"info","message":"EXECUTING SCENARIO 2 - MESSAGE THE 1st CONNECTIONS"}
{"level":"info","message":"ON THE HOME SCREEN OF LINKEDIN"}
{"level":"info","message":"SUCCESSFULLY LOGGED IN"}
{"level":"info","message":"EXECUTING SCENARIO 2 - MESSAGE THE 1st CONNECTIONS"}
{"level":"info","message":"ON THE HOME SCREEN OF LINKEDIN"}
{"level":"info","message":"SUCCESSFULLY LOGGED IN"}
{"level":"info","message":"CLICKED SAKES NAV"}
{"level":"info","message":"EXECUTING SCENARIO 2 - MESSAGE THE 1st CONNECTIONS"}
{"level":"info","message":"ON THE HOME SCREEN OF LINKEDIN"}
{"level":"info","message":"SUCCESSFULLY LOGGED IN"}
{"level":"info","message":"EXECUTING SCENARIO 2 - MESSAGE THE 1st CONNECTIONS"}
{"level":"info","message":"ON THE HOME SCREEN OF LINKEDIN"}
{"level":"info","message":"SUCCESSFULLY LOGGED IN"}
{"level":"info","message":"CLICKED SAKES NAV"}
{"level":"info","message":"EXECUTING SCENARIO 2 - MESSAGE THE 1st CONNECTIONS"}
{"level":"info","message":"ON THE HOME SCREEN OF LINKEDIN"}
{"level":"info","message":"SUCCESSFULLY LOGGED IN"}
{"level":"info","message":"CLICKED SAKES NAV"}
{"level":"info","message":"EXECUTING SCENARIO 2 - MESSAGE THE 1st CONNECTIONS"}
{"level":"info","message":"ON THE HOME SCREEN OF LINKEDIN"}
{"level":"info","message":"SUCCESSFULLY LOGGED IN"}
{"level":"info","message":"CLICKED SAKES NAV"}
{"level":"info","message":"EXECUTING SCENARIO 2 - MESSAGE THE 1st CONNECTIONS"}
{"level":"info","message":"ON THE HOME SCREEN OF LINKEDIN"}
{"level":"info","message":"SUCCESSFULLY LOGGED IN"}
{"level":"info","message":"CLICKED SAKES NAV"}
{"level":"info","message":"EXECUTING SCENARIO 2 - MESSAGE THE 1st CONNECTIONS"}
{"level":"info","message":"ON THE HOME SCREEN OF LINKEDIN"}
{"level":"info","message":"SUCCESSFULLY LOGGED IN"}
{"level":"info","message":"CLICKED SAKES NAV"}
{"level":"info","message":"EXECUTING SCENARIO 2 - MESSAGE THE 1st CONNECTIONS"}
{"level":"info","message":"ON THE HOME SCREEN OF LINKEDIN"}
{"level":"info","message":"SUCCESSFULLY LOGGED IN"}
{"level":"info","message":"CLICKED SAKES NAV"}
{"level":"info","message":"EXECUTING SCENARIO 2 - MESSAGE THE 1st CONNECTIONS"}
{"level":"info","message":"ON THE HOME SCREEN OF LINKEDIN"}
{"level":"info","message":"SUCCESSFULLY LOGGED IN"}
{"level":"info","message":"CLICKED SAKES NAV"}
{"level":"info","message":"EXECUTING SCENARIO 2 - MESSAGE THE 1st CONNECTIONS"}
{"level":"info","message":"ON THE HOME SCREEN OF LINKEDIN"}
{"level":"info","message":"SUCCESSFULLY LOGGED IN"}
{"level":"info","message":"CLICKED SAKES NAV"}
{"level":"info","message":"EXECUTING SCENARIO 2 - MESSAGE THE 1st CONNECTIONS"}
{"level":"info","message":"ON THE HOME SCREEN OF LINKEDIN"}
{"level":"info","message":"SUCCESSFULLY LOGGED IN"}
{"level":"info","message":"NO RESULTS WERE FOUND FOR SEARCH TITLE VP"}
{"level":"info","message":"EXITING"}
{"level":"info","message":"Modify the search title in .env and try again :)"}
{"level":"info","message":"EXECUTING SCENARIO 2 - MESSAGE THE 1st CONNECTIONS"}
{"level":"info","message":"ON THE HOME SCREEN OF LINKEDIN"}
{"level":"info","message":"SUCCESSFULLY LOGGED IN"}
